
## ---------------------- ##
## Running config.status. ##
## ---------------------- ##

This file was extended by ntp4 config.status 4.2.7p475, which was
generated by GNU Autoconf 2.68.  Invocation command line was

  CONFIG_FILES    = 
  CONFIG_HEADERS  = 
  CONFIG_LINKS    = 
  CONFIG_COMMANDS = 
  $ ../config.status --file=ntp.conf.5+:./ntp.conf.man.in

on vagrant

config.status:1673: creating ntp.conf.5+

## ---------------------- ##
## Running config.status. ##
## ---------------------- ##

This file was extended by ntp4 config.status 4.2.7p475, which was
generated by GNU Autoconf 2.68.  Invocation command line was

  CONFIG_FILES    = 
  CONFIG_HEADERS  = 
  CONFIG_LINKS    = 
  CONFIG_COMMANDS = 
  $ ../config.status --file=ntp.keys.5+:./ntp.keys.man.in

on vagrant

config.status:1673: creating ntp.keys.5+

## ---------------------- ##
## Running config.status. ##
## ---------------------- ##

This file was extended by ntp4 config.status 4.2.7p475, which was
generated by GNU Autoconf 2.68.  Invocation command line was

  CONFIG_FILES    = 
  CONFIG_HEADERS  = 
  CONFIG_LINKS    = 
  CONFIG_COMMANDS = 
  $ ../config.status --file=ntpd.1+:./ntpd.man.in

on vagrant

config.status:1673: creating ntpd.1+
